<?xml version="1.0" encoding="UTF-8"?>
<!-- Generated by org.testng.reporters.JUnitReportReporter -->
<testsuite hostname="DESKTOP-L8VPHJS" failures="0" tests="3" name="runners.OpenCartRunner" time="11.275" errors="0" timestamp="2022-03-10T16:53:33 IST" skipped="0">
  <testcase classname="runners.OpenCartRunner" name="runScenario" time="0.071"/>
  <system-out/>
  <testcase classname="runners.OpenCartRunner" name="runScenario" time="8.918"/>
  <system-out/>
  <testcase classname="runners.OpenCartRunner" name="runScenario" time="2.286"/>
  <system-out/>
</testsuite> <!-- runners.OpenCartRunner -->
